[0.297s] Invoking command in '/home/rmitaiil/macademia_nav': DEBUGINFOD_URLS=https://debuginfod.ubuntu.com PYTHONPATH=/home/rmitaiil/macademia_nav/build/macademia_nav/prefix_override:/usr/lib/python3/dist-packages/colcon_core/task/python/colcon_distutils_commands:/home/rmitaiil/macademia_nav/install/macademia_nav/lib/python3.12/site-packages:${PYTHONPATH} /usr/bin/python3 -W ignore:setup.py install is deprecated -W ignore:easy_install command is deprecated setup.py egg_info --egg-base build/macademia_nav build --build-base /home/rmitaiil/macademia_nav/build/macademia_nav/build install --record /home/rmitaiil/macademia_nav/build/macademia_nav/install.log --single-version-externally-managed install_data
[0.399s] running egg_info
[0.405s] writing build/macademia_nav/macademia_nav.egg-info/PKG-INFO
[0.405s] writing dependency_links to build/macademia_nav/macademia_nav.egg-info/dependency_links.txt
[0.405s] writing entry points to build/macademia_nav/macademia_nav.egg-info/entry_points.txt
[0.406s] writing requirements to build/macademia_nav/macademia_nav.egg-info/requires.txt
[0.406s] writing top-level names to build/macademia_nav/macademia_nav.egg-info/top_level.txt
[0.420s] reading manifest file 'build/macademia_nav/macademia_nav.egg-info/SOURCES.txt'
[0.420s] writing manifest file 'build/macademia_nav/macademia_nav.egg-info/SOURCES.txt'
[0.420s] running build
[0.420s] running build_py
[0.420s] copying macademia_nav/mock_scan_publisher.py -> /home/rmitaiil/macademia_nav/build/macademia_nav/build/lib/macademia_nav
[0.420s] running install
[0.423s] running install_lib
[0.430s] copying /home/rmitaiil/macademia_nav/build/macademia_nav/build/lib/macademia_nav/mock_scan_publisher.py -> /home/rmitaiil/macademia_nav/install/macademia_nav/lib/python3.12/site-packages/macademia_nav
[0.430s] byte-compiling /home/rmitaiil/macademia_nav/install/macademia_nav/lib/python3.12/site-packages/macademia_nav/mock_scan_publisher.py to mock_scan_publisher.cpython-312.pyc
[0.430s] running install_data
[0.430s] Sorry: IndentationError: expected an indented block after function definition on line 16 (mock_scan_publisher.py, line 17)
[0.430s] running install_egg_info
[0.438s] removing '/home/rmitaiil/macademia_nav/install/macademia_nav/lib/python3.12/site-packages/macademia_nav-0.0.0-py3.12.egg-info' (and everything under it)
[0.438s] Copying build/macademia_nav/macademia_nav.egg-info to /home/rmitaiil/macademia_nav/install/macademia_nav/lib/python3.12/site-packages/macademia_nav-0.0.0-py3.12.egg-info
[0.438s] running install_scripts
[0.484s] Installing mock_scan_publisher script to /home/rmitaiil/macademia_nav/install/macademia_nav/lib/macademia_nav
[0.485s] Installing orchard_navigation script to /home/rmitaiil/macademia_nav/install/macademia_nav/lib/macademia_nav
[0.485s] writing list of installed files to '/home/rmitaiil/macademia_nav/build/macademia_nav/install.log'
[0.497s] Invoked command in '/home/rmitaiil/macademia_nav' returned '0': DEBUGINFOD_URLS=https://debuginfod.ubuntu.com PYTHONPATH=/home/rmitaiil/macademia_nav/build/macademia_nav/prefix_override:/usr/lib/python3/dist-packages/colcon_core/task/python/colcon_distutils_commands:/home/rmitaiil/macademia_nav/install/macademia_nav/lib/python3.12/site-packages:${PYTHONPATH} /usr/bin/python3 -W ignore:setup.py install is deprecated -W ignore:easy_install command is deprecated setup.py egg_info --egg-base build/macademia_nav build --build-base /home/rmitaiil/macademia_nav/build/macademia_nav/build install --record /home/rmitaiil/macademia_nav/build/macademia_nav/install.log --single-version-externally-managed install_data
