running egg_info
creating build/macademia_nav/macademia_nav.egg-info
writing build/macademia_nav/macademia_nav.egg-info/PKG-INFO
writing dependency_links to build/macademia_nav/macademia_nav.egg-info/dependency_links.txt
writing requirements to build/macademia_nav/macademia_nav.egg-info/requires.txt
writing top-level names to build/macademia_nav/macademia_nav.egg-info/top_level.txt
writing manifest file 'build/macademia_nav/macademia_nav.egg-info/SOURCES.txt'
reading manifest file 'build/macademia_nav/macademia_nav.egg-info/SOURCES.txt'
writing manifest file 'build/macademia_nav/macademia_nav.egg-info/SOURCES.txt'
running build
running build_py
creating /home/rmitaiil/macademia_nav/build/macademia_nav/build
creating /home/rmitaiil/macademia_nav/build/macademia_nav/build/lib
creating /home/rmitaiil/macademia_nav/build/macademia_nav/build/lib/macademia_nav
copying macademia_nav/__init__.py -> /home/rmitaiil/macademia_nav/build/macademia_nav/build/lib/macademia_nav
running install
running install_lib
creating /home/rmitaiil/macademia_nav/install/macademia_nav/lib/python3.12/site-packages/macademia_nav
copying /home/rmitaiil/macademia_nav/build/macademia_nav/build/lib/macademia_nav/__init__.py -> /home/rmitaiil/macademia_nav/install/macademia_nav/lib/python3.12/site-packages/macademia_nav
byte-compiling /home/rmitaiil/macademia_nav/install/macademia_nav/lib/python3.12/site-packages/macademia_nav/__init__.py to __init__.cpython-312.pyc
running install_data
creating /home/rmitaiil/macademia_nav/install/macademia_nav/share/ament_index
creating /home/rmitaiil/macademia_nav/install/macademia_nav/share/ament_index/resource_index
creating /home/rmitaiil/macademia_nav/install/macademia_nav/share/ament_index/resource_index/packages
copying resource/macademia_nav -> /home/rmitaiil/macademia_nav/install/macademia_nav/share/ament_index/resource_index/packages
copying package.xml -> /home/rmitaiil/macademia_nav/install/macademia_nav/share/macademia_nav
running install_egg_info
Copying build/macademia_nav/macademia_nav.egg-info to /home/rmitaiil/macademia_nav/install/macademia_nav/lib/python3.12/site-packages/macademia_nav-0.0.0-py3.12.egg-info
running install_scripts
writing list of installed files to '/home/rmitaiil/macademia_nav/build/macademia_nav/install.log'
