[0.389s] Invoking command in '/home/rmitaiil/macademia_nav': DEBUGINFOD_URLS=https://debuginfod.ubuntu.com PYTHONPATH=/home/rmitaiil/macademia_nav/build/macademia_nav/prefix_override:/usr/lib/python3/dist-packages/colcon_core/task/python/colcon_distutils_commands:/home/rmitaiil/macademia_nav/install/macademia_nav/lib/python3.12/site-packages:${PYTHONPATH} /usr/bin/python3 -W ignore:setup.py install is deprecated -W ignore:easy_install command is deprecated setup.py egg_info --egg-base build/macademia_nav build --build-base /home/rmitaiil/macademia_nav/build/macademia_nav/build install --record /home/rmitaiil/macademia_nav/build/macademia_nav/install.log --single-version-externally-managed install_data
[0.482s] running egg_info
[0.482s] creating build/macademia_nav/macademia_nav.egg-info
[0.488s] writing build/macademia_nav/macademia_nav.egg-info/PKG-INFO
[0.488s] writing dependency_links to build/macademia_nav/macademia_nav.egg-info/dependency_links.txt
[0.489s] writing requirements to build/macademia_nav/macademia_nav.egg-info/requires.txt
[0.489s] writing top-level names to build/macademia_nav/macademia_nav.egg-info/top_level.txt
[0.489s] writing manifest file 'build/macademia_nav/macademia_nav.egg-info/SOURCES.txt'
[0.501s] reading manifest file 'build/macademia_nav/macademia_nav.egg-info/SOURCES.txt'
[0.501s] writing manifest file 'build/macademia_nav/macademia_nav.egg-info/SOURCES.txt'
[0.501s] running build
[0.501s] running build_py
[0.501s] creating /home/rmitaiil/macademia_nav/build/macademia_nav/build
[0.502s] creating /home/rmitaiil/macademia_nav/build/macademia_nav/build/lib
[0.502s] creating /home/rmitaiil/macademia_nav/build/macademia_nav/build/lib/macademia_nav
[0.502s] copying macademia_nav/__init__.py -> /home/rmitaiil/macademia_nav/build/macademia_nav/build/lib/macademia_nav
[0.502s] running install
[0.504s] running install_lib
[0.511s] creating /home/rmitaiil/macademia_nav/install/macademia_nav/lib/python3.12/site-packages/macademia_nav
[0.511s] copying /home/rmitaiil/macademia_nav/build/macademia_nav/build/lib/macademia_nav/__init__.py -> /home/rmitaiil/macademia_nav/install/macademia_nav/lib/python3.12/site-packages/macademia_nav
[0.512s] byte-compiling /home/rmitaiil/macademia_nav/install/macademia_nav/lib/python3.12/site-packages/macademia_nav/__init__.py to __init__.cpython-312.pyc
[0.512s] running install_data
[0.512s] creating /home/rmitaiil/macademia_nav/install/macademia_nav/share/ament_index
[0.512s] creating /home/rmitaiil/macademia_nav/install/macademia_nav/share/ament_index/resource_index
[0.512s] creating /home/rmitaiil/macademia_nav/install/macademia_nav/share/ament_index/resource_index/packages
[0.512s] copying resource/macademia_nav -> /home/rmitaiil/macademia_nav/install/macademia_nav/share/ament_index/resource_index/packages
[0.512s] copying package.xml -> /home/rmitaiil/macademia_nav/install/macademia_nav/share/macademia_nav
[0.512s] running install_egg_info
[0.518s] Copying build/macademia_nav/macademia_nav.egg-info to /home/rmitaiil/macademia_nav/install/macademia_nav/lib/python3.12/site-packages/macademia_nav-0.0.0-py3.12.egg-info
[0.519s] running install_scripts
[0.562s] writing list of installed files to '/home/rmitaiil/macademia_nav/build/macademia_nav/install.log'
[0.572s] Invoked command in '/home/rmitaiil/macademia_nav' returned '0': DEBUGINFOD_URLS=https://debuginfod.ubuntu.com PYTHONPATH=/home/rmitaiil/macademia_nav/build/macademia_nav/prefix_override:/usr/lib/python3/dist-packages/colcon_core/task/python/colcon_distutils_commands:/home/rmitaiil/macademia_nav/install/macademia_nav/lib/python3.12/site-packages:${PYTHONPATH} /usr/bin/python3 -W ignore:setup.py install is deprecated -W ignore:easy_install command is deprecated setup.py egg_info --egg-base build/macademia_nav build --build-base /home/rmitaiil/macademia_nav/build/macademia_nav/build install --record /home/rmitaiil/macademia_nav/build/macademia_nav/install.log --single-version-externally-managed install_data
