[0.298s] Invoking command in '/home/rmitaiil/macademia_nav': DEBUGINFOD_URLS=https://debuginfod.ubuntu.com PYTHONPATH=/home/rmitaiil/macademia_nav/build/macademia_nav/prefix_override:/usr/lib/python3/dist-packages/colcon_core/task/python/colcon_distutils_commands:/home/rmitaiil/macademia_nav/install/macademia_nav/lib/python3.12/site-packages:${PYTHONPATH} /usr/bin/python3 -W ignore:setup.py install is deprecated -W ignore:easy_install command is deprecated setup.py egg_info --egg-base build/macademia_nav build --build-base /home/rmitaiil/macademia_nav/build/macademia_nav/build install --record /home/rmitaiil/macademia_nav/build/macademia_nav/install.log --single-version-externally-managed install_data
[0.392s] running egg_info
[0.398s] writing build/macademia_nav/macademia_nav.egg-info/PKG-INFO
[0.398s] writing dependency_links to build/macademia_nav/macademia_nav.egg-info/dependency_links.txt
[0.399s] writing entry points to build/macademia_nav/macademia_nav.egg-info/entry_points.txt
[0.399s] writing requirements to build/macademia_nav/macademia_nav.egg-info/requires.txt
[0.399s] writing top-level names to build/macademia_nav/macademia_nav.egg-info/top_level.txt
[0.412s] reading manifest file 'build/macademia_nav/macademia_nav.egg-info/SOURCES.txt'
[0.413s] writing manifest file 'build/macademia_nav/macademia_nav.egg-info/SOURCES.txt'
[0.413s] running build
[0.413s] running build_py
[0.414s] copying macademia_nav/orchard_navigation.py -> /home/rmitaiil/macademia_nav/build/macademia_nav/build/lib/macademia_nav
[0.414s] running install
[0.416s] running install_lib
[0.424s] copying /home/rmitaiil/macademia_nav/build/macademia_nav/build/lib/macademia_nav/orchard_navigation.py -> /home/rmitaiil/macademia_nav/install/macademia_nav/lib/python3.12/site-packages/macademia_nav
[0.424s] byte-compiling /home/rmitaiil/macademia_nav/install/macademia_nav/lib/python3.12/site-packages/macademia_nav/orchard_navigation.py to orchard_navigation.cpython-312.pyc
[0.425s] running install_data
[0.425s] running install_egg_info
[0.432s] removing '/home/rmitaiil/macademia_nav/install/macademia_nav/lib/python3.12/site-packages/macademia_nav-0.0.0-py3.12.egg-info' (and everything under it)
[0.432s] Copying build/macademia_nav/macademia_nav.egg-info to /home/rmitaiil/macademia_nav/install/macademia_nav/lib/python3.12/site-packages/macademia_nav-0.0.0-py3.12.egg-info
[0.433s] running install_scripts
[0.478s] Installing mock_scan_publisher script to /home/rmitaiil/macademia_nav/install/macademia_nav/lib/macademia_nav
[0.479s] Installing orchard_navigation script to /home/rmitaiil/macademia_nav/install/macademia_nav/lib/macademia_nav
[0.479s] writing list of installed files to '/home/rmitaiil/macademia_nav/build/macademia_nav/install.log'
[0.491s] Invoked command in '/home/rmitaiil/macademia_nav' returned '0': DEBUGINFOD_URLS=https://debuginfod.ubuntu.com PYTHONPATH=/home/rmitaiil/macademia_nav/build/macademia_nav/prefix_override:/usr/lib/python3/dist-packages/colcon_core/task/python/colcon_distutils_commands:/home/rmitaiil/macademia_nav/install/macademia_nav/lib/python3.12/site-packages:${PYTHONPATH} /usr/bin/python3 -W ignore:setup.py install is deprecated -W ignore:easy_install command is deprecated setup.py egg_info --egg-base build/macademia_nav build --build-base /home/rmitaiil/macademia_nav/build/macademia_nav/build install --record /home/rmitaiil/macademia_nav/build/macademia_nav/install.log --single-version-externally-managed install_data
